<?xml version="1.0" encoding="UTF-8"?>
<!-- Generated by org.testng.reporters.JUnitXMLReporter -->
<testsuite ignored="0" hostname="DESKTOP-LQVAPAS" failures="0" tests="3" name="Default test" time="10.47" errors="0" timestamp="2022-01-25T01:41:31 IST">
  <testcase classname="com.aspire.qa.testcases.TC_001_AllTestCases" name="step1_login_webapplication" time="2.01"/>
  <testcase classname="com.aspire.qa.testcases.TC_001_AllTestCases" name="step2_naviagte_inventory_page" time="2.384"/>
  <testcase classname="com.aspire.qa.testcases.TC_001_AllTestCases" name="step3_create_product" time="1.139"/>
</testsuite> <!-- Default test -->
