<?xml version="1.0" encoding="UTF-8"?>
<testng-results ignored="0" total="3" passed="3" failed="0" skipped="0">
  <reporter-output>
  </reporter-output>
  <suite started-at="2022-01-25T01:41:21 IST" name="Default suite" finished-at="2022-01-25T01:41:31 IST" duration-ms="10470">
    <groups>
    </groups>
    <test started-at="2022-01-25T01:41:21 IST" name="Default test" finished-at="2022-01-25T01:41:31 IST" duration-ms="10470">
      <class name="com.aspire.qa.testcases.TC_001_AllTestCases">
        <test-method is-config="true" signature="setup()[pri:0, instance:com.aspire.qa.testcases.TC_001_AllTestCases@10d307f1]" started-at="2022-01-25T01:41:21 IST" name="setup" finished-at="2022-01-25T01:41:25 IST" duration-ms="4184" status="PASS">
          <reporter-output>
          </reporter-output>
        </test-method> <!-- setup -->
        <test-method signature="step1_login_webapplication()[pri:1, instance:com.aspire.qa.testcases.TC_001_AllTestCases@10d307f1]" started-at="2022-01-25T01:41:25 IST" name="step1_login_webapplication" finished-at="2022-01-25T01:41:27 IST" duration-ms="2010" status="PASS">
          <reporter-output>
          </reporter-output>
        </test-method> <!-- step1_login_webapplication -->
        <test-method signature="step2_naviagte_inventory_page()[pri:2, instance:com.aspire.qa.testcases.TC_001_AllTestCases@10d307f1]" started-at="2022-01-25T01:41:27 IST" name="step2_naviagte_inventory_page" finished-at="2022-01-25T01:41:29 IST" duration-ms="2384" status="PASS">
          <reporter-output>
          </reporter-output>
        </test-method> <!-- step2_naviagte_inventory_page -->
        <test-method signature="step3_create_product()[pri:3, instance:com.aspire.qa.testcases.TC_001_AllTestCases@10d307f1]" started-at="2022-01-25T01:41:29 IST" name="step3_create_product" finished-at="2022-01-25T01:41:30 IST" duration-ms="1139" status="PASS">
          <reporter-output>
          </reporter-output>
        </test-method> <!-- step3_create_product -->
        <test-method is-config="true" signature="teardown()[pri:0, instance:com.aspire.qa.testcases.TC_001_AllTestCases@10d307f1]" started-at="2022-01-25T01:41:30 IST" name="teardown" finished-at="2022-01-25T01:41:31 IST" duration-ms="713" status="PASS">
          <reporter-output>
          </reporter-output>
        </test-method> <!-- teardown -->
      </class> <!-- com.aspire.qa.testcases.TC_001_AllTestCases -->
    </test> <!-- Default test -->
  </suite> <!-- Default suite -->
</testng-results>
